mode: atomic
yadro.com/course/api/core/concurrency_service.go:13.68,14.16 1 12
yadro.com/course/api/core/concurrency_service.go:14.16,16.3 1 2
yadro.com/course/api/core/concurrency_service.go:17.2,20.8 1 12
yadro.com/course/api/core/concurrency_service.go:23.45,26.2 2 8
yadro.com/course/api/core/concurrency_service.go:28.38,31.2 2 8
yadro.com/course/api/core/concurrency_service.go:33.38,34.32 1 12
yadro.com/course/api/core/concurrency_service.go:34.32,36.3 1 24
yadro.com/course/api/core/concurrency_service.go:37.2,37.32 1 12
yadro.com/course/api/core/concurrency_service.go:37.32,39.3 1 24
yadro.com/course/api/core/concurrency_service.go:42.55,43.23 1 32
yadro.com/course/api/core/concurrency_service.go:43.23,45.3 1 1
yadro.com/course/api/core/concurrency_service.go:47.2,47.14 1 31
yadro.com/course/api/core/concurrency_service.go:47.14,49.3 1 1
yadro.com/course/api/core/concurrency_service.go:51.2,51.9 1 30
yadro.com/course/api/core/concurrency_service.go:52.34,53.13 1 13
yadro.com/course/api/core/concurrency_service.go:53.13,56.4 2 13
yadro.com/course/api/core/concurrency_service.go:57.3,57.24 1 13
yadro.com/course/api/core/concurrency_service.go:58.10,59.24 1 17
yadro.com/course/api/core/rate_limiter_service.go:18.67,19.15 1 14
yadro.com/course/api/core/rate_limiter_service.go:19.15,21.3 1 2
yadro.com/course/api/core/rate_limiter_service.go:23.2,30.16 3 14
yadro.com/course/api/core/rate_limiter_service.go:33.48,39.6 4 10
yadro.com/course/api/core/rate_limiter_service.go:39.6,40.10 1 15
yadro.com/course/api/core/rate_limiter_service.go:41.19,42.11 1 5
yadro.com/course/api/core/rate_limiter_service.go:43.33,43.33 0 5
yadro.com/course/api/core/rate_limiter_service.go:44.12,44.12 0 0
yadro.com/course/api/core/rate_limiter_service.go:46.20,47.10 1 10
yadro.com/course/api/core/rate_limiter_service.go:52.63,54.16 2 15
yadro.com/course/api/core/rate_limiter_service.go:54.16,57.3 2 1
yadro.com/course/api/core/rate_limiter_service.go:58.2,60.9 2 14
yadro.com/course/api/core/rate_limiter_service.go:61.19,62.13 1 12
yadro.com/course/api/core/rate_limiter_service.go:63.20,64.19 1 1
yadro.com/course/api/core/rate_limiter_service.go:65.19,66.13 1 1
yadro.com/course/api/core/rate_limiter_service.go:70.55,71.14 1 10
yadro.com/course/api/core/rate_limiter_service.go:71.14,73.3 1 1
yadro.com/course/api/core/rate_limiter_service.go:75.2,75.54 1 9
yadro.com/course/api/core/rate_limiter_service.go:75.54,77.3 1 0
yadro.com/course/api/core/rate_limiter_service.go:79.2,80.23 2 9
yadro.com/course/api/core/rate_limiter_service.go:83.38,87.16 3 10
yadro.com/course/api/core/rate_limiter_service.go:87.16,89.3 1 0
yadro.com/course/api/core/rate_limiter_service.go:90.2,93.14 3 10
yadro.com/course/api/core/rate_limiter_service.go:96.45,100.17 3 10
yadro.com/course/api/core/rate_limiter_service.go:100.17,102.3 1 0
yadro.com/course/api/core/rate_limiter_service.go:105.2,111.12 5 10
yadro.com/course/search/core/service.go:16.58,18.16 2 2
yadro.com/course/search/core/service.go:18.16,21.3 2 1
yadro.com/course/search/core/service.go:23.2,23.39 1 1
yadro.com/course/search/core/service.go:23.39,24.41 1 2
yadro.com/course/search/core/service.go:24.41,26.4 1 2
yadro.com/course/search/core/service.go:27.3,29.43 2 2
yadro.com/course/search/core/service.go:29.43,31.4 1 5
yadro.com/course/search/core/service.go:33.3,33.29 1 2
yadro.com/course/search/core/service.go:35.2,35.12 1 1
yadro.com/course/search/core/service.go:40.21,47.2 1 13
yadro.com/course/search/core/service.go:49.92,51.16 2 3
yadro.com/course/search/core/service.go:51.16,53.3 1 1
yadro.com/course/search/core/service.go:55.2,56.16 2 2
yadro.com/course/search/core/service.go:56.16,58.3 1 1
yadro.com/course/search/core/service.go:59.2,59.19 1 1
yadro.com/course/search/core/service.go:62.97,65.16 2 7
yadro.com/course/search/core/service.go:65.16,67.3 1 1
yadro.com/course/search/core/service.go:70.2,71.29 2 6
yadro.com/course/search/core/service.go:71.29,72.38 1 8
yadro.com/course/search/core/service.go:72.38,73.32 1 6
yadro.com/course/search/core/service.go:73.32,75.5 1 17
yadro.com/course/search/core/service.go:79.2,79.29 1 6
yadro.com/course/search/core/service.go:79.29,81.3 1 2
yadro.com/course/search/core/service.go:83.2,89.44 3 4
yadro.com/course/search/core/service.go:89.44,91.3 1 15
yadro.com/course/search/core/service.go:93.2,93.47 1 4
yadro.com/course/search/core/service.go:93.47,94.53 1 20
yadro.com/course/search/core/service.go:94.53,96.4 1 16
yadro.com/course/search/core/service.go:97.3,97.55 1 4
yadro.com/course/search/core/service.go:100.2,102.35 3 4
yadro.com/course/search/core/service.go:102.35,104.3 1 13
yadro.com/course/search/core/service.go:107.2,108.31 2 4
yadro.com/course/search/core/service.go:108.31,110.17 2 13
yadro.com/course/search/core/service.go:110.17,112.4 1 12
yadro.com/course/search/core/service.go:115.2,115.41 1 4
yadro.com/course/update/core/service.go:29.21,30.21 1 14
yadro.com/course/update/core/service.go:30.21,32.3 1 2
yadro.com/course/update/core/service.go:33.2,40.8 1 12
yadro.com/course/update/core/service.go:43.53,44.31 1 5
yadro.com/course/update/core/service.go:44.31,47.3 2 1
yadro.com/course/update/core/service.go:48.2,55.16 6 4
yadro.com/course/update/core/service.go:55.16,58.3 2 1
yadro.com/course/update/core/service.go:59.2,60.16 2 3
yadro.com/course/update/core/service.go:60.16,63.3 2 1
yadro.com/course/update/core/service.go:66.2,70.37 4 2
yadro.com/course/update/core/service.go:70.37,73.3 2 4
yadro.com/course/update/core/service.go:75.2,76.25 2 2
yadro.com/course/update/core/service.go:76.25,78.3 1 6
yadro.com/course/update/core/service.go:80.2,81.31 2 2
yadro.com/course/update/core/service.go:81.31,82.22 1 8
yadro.com/course/update/core/service.go:82.22,85.4 2 2
yadro.com/course/update/core/service.go:88.2,93.21 4 2
yadro.com/course/update/core/service.go:93.21,94.61 1 2
yadro.com/course/update/core/service.go:94.61,96.4 1 0
yadro.com/course/update/core/service.go:99.2,99.12 1 2
yadro.com/course/update/core/service.go:102.83,104.24 2 4
yadro.com/course/update/core/service.go:104.24,106.17 2 2
yadro.com/course/update/core/service.go:106.17,108.12 2 0
yadro.com/course/update/core/service.go:110.3,111.17 2 2
yadro.com/course/update/core/service.go:111.17,113.12 2 0
yadro.com/course/update/core/service.go:115.3,115.70 1 2
yadro.com/course/update/core/service.go:119.76,122.14 3 3
yadro.com/course/update/core/service.go:122.14,124.3 1 0
yadro.com/course/update/core/service.go:124.8,127.17 3 3
yadro.com/course/update/core/service.go:127.17,130.4 2 0
yadro.com/course/update/core/service.go:133.2,139.31 5 3
yadro.com/course/update/core/service.go:139.31,141.17 2 3
yadro.com/course/update/core/service.go:141.17,144.4 2 1
yadro.com/course/update/core/service.go:145.3,145.59 1 2
yadro.com/course/update/core/service.go:148.2,155.20 3 2
yadro.com/course/update/core/service.go:158.65,162.29 3 9
yadro.com/course/update/core/service.go:162.29,163.73 1 36
yadro.com/course/update/core/service.go:163.73,166.4 2 2
yadro.com/course/update/core/service.go:168.3,168.29 1 36
yadro.com/course/update/core/service.go:168.29,170.4 1 26
yadro.com/course/update/core/service.go:171.3,171.33 1 36
yadro.com/course/update/core/service.go:174.2,174.28 1 9
yadro.com/course/update/core/service.go:174.28,176.3 1 8
yadro.com/course/update/core/service.go:178.2,178.15 1 9
yadro.com/course/update/core/service.go:181.68,186.16 4 2
yadro.com/course/update/core/service.go:186.16,189.3 2 1
yadro.com/course/update/core/service.go:190.2,193.16 3 1
yadro.com/course/update/core/service.go:193.16,196.3 2 0
yadro.com/course/update/core/service.go:197.2,199.26 2 1
yadro.com/course/update/core/service.go:203.61,204.31 1 3
yadro.com/course/update/core/service.go:204.31,206.3 1 1
yadro.com/course/update/core/service.go:207.2,207.19 1 2
yadro.com/course/update/core/service.go:211.51,212.39 1 2
yadro.com/course/update/core/service.go:212.39,215.3 2 1
yadro.com/course/update/core/service.go:216.2,216.12 1 1
yadro.com/course/words/words/words.go:17.13,19.38 2 1
yadro.com/course/words/words/words.go:19.38,21.3 1 24
yadro.com/course/words/words/words.go:24.57,28.24 3 46
yadro.com/course/words/words/words.go:28.24,29.48 1 362
yadro.com/course/words/words/words.go:29.48,31.4 1 311
yadro.com/course/words/words/words.go:31.9,31.31 1 51
yadro.com/course/words/words/words.go:31.31,34.4 2 33
yadro.com/course/words/words/words.go:37.2,37.23 1 46
yadro.com/course/words/words/words.go:37.23,39.3 1 41
yadro.com/course/words/words/words.go:41.2,41.15 1 46
yadro.com/course/words/words/words.go:44.35,47.29 3 38
yadro.com/course/words/words/words.go:47.29,49.17 2 59
yadro.com/course/words/words/words.go:49.17,50.28 1 59
yadro.com/course/words/words/words.go:50.28,52.5 1 27
yadro.com/course/words/words/words.go:53.9,54.29 1 0
yadro.com/course/words/words/words.go:54.29,56.5 1 0
yadro.com/course/words/words/words.go:59.2,60.26 2 38
yadro.com/course/words/words/words.go:60.26,62.3 1 25
yadro.com/course/words/words/words.go:64.2,64.15 1 38
